WARNING|2012-01-15 00:04:50,964|37891|base|Not Found: /favicon.ico
WARNING|2012-01-15 00:04:50,964|37891|base|Not Found: /favicon.ico
WARNING|2012-01-15 00:05:09,295|37929|base|Not Found: /favicon.ico
WARNING|2012-01-15 00:05:09,295|37929|base|Not Found: /favicon.ico
WARNING|2012-01-15 00:05:45,228|37931|base|Not Found: /favicon.ico
WARNING|2012-01-15 00:05:45,228|37931|base|Not Found: /favicon.ico
WARNING|2012-01-15 00:06:45,496|37933|base|Not Found: /favicon.ico
WARNING|2012-01-15 00:06:45,496|37933|base|Not Found: /favicon.ico
WARNING|2012-01-15 00:08:12,660|37935|base|Not Found: /favicon.ico
WARNING|2012-01-15 00:08:12,660|37935|base|Not Found: /favicon.ico
WARNING|2012-01-15 00:08:33,809|37937|base|Not Found: /favicon.ico
WARNING|2012-01-15 00:08:33,809|37937|base|Not Found: /favicon.ico
WARNING|2012-01-15 00:12:40,804|37941|base|Not Found: /favicon.ico
WARNING|2012-01-15 00:12:40,804|37941|base|Not Found: /favicon.ico
WARNING|2012-01-15 00:12:56,167|37962|base|Not Found: /favicon.ico
WARNING|2012-01-15 00:12:56,167|37962|base|Not Found: /favicon.ico
WARNING|2012-01-15 00:13:10,049|37964|base|Not Found: /favicon.ico
WARNING|2012-01-15 00:13:10,049|37964|base|Not Found: /favicon.ico
WARNING|2012-01-15 00:13:20,602|37966|base|Not Found: /favicon.ico
WARNING|2012-01-15 00:13:20,602|37966|base|Not Found: /favicon.ico
WARNING|2012-01-15 00:13:44,035|37967|base|Not Found: /favicon.ico
WARNING|2012-01-15 00:13:44,035|37967|base|Not Found: /favicon.ico
WARNING|2012-01-15 00:14:13,398|37969|base|Not Found: /favicon.ico
WARNING|2012-01-15 00:14:13,398|37969|base|Not Found: /favicon.ico
WARNING|2012-01-15 00:15:24,828|37969|base|Not Found: /favicon.ico
WARNING|2012-01-15 00:15:24,828|37969|base|Not Found: /favicon.ico
WARNING|2012-01-15 00:15:45,467|37969|base|Not Found: /favicon.ico
WARNING|2012-01-15 00:15:45,467|37969|base|Not Found: /favicon.ico
WARNING|2012-01-15 00:16:48,384|37969|base|Not Found: /favicon.ico
WARNING|2012-01-15 00:16:48,384|37969|base|Not Found: /favicon.ico
WARNING|2012-01-15 00:17:47,325|37975|base|Not Found: /favicon.ico
WARNING|2012-01-15 00:17:47,325|37975|base|Not Found: /favicon.ico
WARNING|2012-01-15 00:18:43,530|37977|base|Not Found: /favicon.ico
WARNING|2012-01-15 00:18:43,530|37977|base|Not Found: /favicon.ico
WARNING|2012-01-15 00:19:21,646|37977|base|Not Found: /favicon.ico
WARNING|2012-01-15 00:19:21,646|37977|base|Not Found: /favicon.ico
WARNING|2012-01-15 00:19:37,867|37980|base|Not Found: /favicon.ico
WARNING|2012-01-15 00:19:37,867|37980|base|Not Found: /favicon.ico
WARNING|2012-01-15 00:21:23,855|37982|base|Not Found: /favicon.ico
WARNING|2012-01-15 00:21:23,855|37982|base|Not Found: /favicon.ico
WARNING|2012-01-15 00:23:41,206|37982|base|Not Found: /favicon.ico
WARNING|2012-01-15 00:23:41,206|37982|base|Not Found: /favicon.ico
WARNING|2012-01-15 00:24:16,175|37982|base|Not Found: /favicon.ico
WARNING|2012-01-15 00:24:16,175|37982|base|Not Found: /favicon.ico
WARNING|2012-01-15 00:25:28,052|37982|base|Not Found: /favicon.ico
WARNING|2012-01-15 00:25:28,052|37982|base|Not Found: /favicon.ico
WARNING|2012-01-15 00:26:01,001|37982|base|Not Found: /favicon.ico
WARNING|2012-01-15 00:26:01,001|37982|base|Not Found: /favicon.ico
WARNING|2012-01-15 00:26:24,654|37982|base|Not Found: /favicon.ico
WARNING|2012-01-15 00:26:24,654|37982|base|Not Found: /favicon.ico
WARNING|2012-01-15 00:26:35,613|37982|base|Not Found: /favicon.ico
WARNING|2012-01-15 00:26:35,613|37982|base|Not Found: /favicon.ico
WARNING|2012-01-15 00:30:22,108|37982|base|Not Found: /favicon.ico
WARNING|2012-01-15 00:30:22,108|37982|base|Not Found: /favicon.ico
WARNING|2012-01-15 00:51:53,827|38234|base|Not Found: /favicon.ico
WARNING|2012-01-15 00:51:53,827|38234|base|Not Found: /favicon.ico
WARNING|2012-01-15 00:52:03,747|38247|base|Not Found: /favicon.ico
WARNING|2012-01-15 00:52:03,747|38247|base|Not Found: /favicon.ico
DEBUG|2012-01-17 17:58:45,162|59671|generic|south execute "
            SELECT kc.constraint_name, kc.column_name
            FROM information_schema.key_column_usage AS kc
            JOIN information_schema.table_constraints AS c ON
                kc.table_schema = c.table_schema AND
                kc.table_name = c.table_name AND
                kc.constraint_name = c.constraint_name
            WHERE
                kc.table_schema = %s AND
                kc.table_catalog IS NULL AND
                kc.table_name = %s AND
                c.constraint_type = %s
        " with params "['feedify', 'flickr_accesstoken', 'FOREIGN KEY']"
DEBUG|2012-01-17 17:58:45,164|59671|generic|south execute "ALTER TABLE `flickr_accesstoken` ;" with params "[]"
DEBUG|2012-01-17 17:58:45,165|59671|generic|south execute "ALTER TABLE `flickr_accesstoken` MODIFY `secret` varchar(13) NOT NULL;;" with params "[]"
DEBUG|2012-01-17 18:01:22,154|59962|generic|south execute "ALTER TABLE `flickr_accesstoken` ADD COLUMN `feed_secret` varchar(13) NOT NULL DEFAULT '';" with params "[]"
DEBUG|2012-01-17 18:01:22,154|59962|generic|south execute "SET FOREIGN_KEY_CHECKS=1;" with params "[]"
DEBUG|2012-01-17 18:01:22,155|59962|generic|south execute "ALTER TABLE `flickr_accesstoken` ADD COLUMN `feed_secret` varchar(13) NOT NULL DEFAULT '';" with params "[]"
DEBUG|2012-01-17 18:01:22,170|59962|generic|south execute "ALTER TABLE `flickr_accesstoken` ;" with params "[]"
DEBUG|2012-01-17 18:01:22,171|59962|generic|south execute "ALTER TABLE `flickr_accesstoken` MODIFY `feed_secret` varchar(13) NOT NULL;;" with params "[]"
DEBUG|2012-01-17 18:01:22,182|59962|generic|south execute "ALTER TABLE `flickr_accesstoken` ALTER COLUMN `feed_secret` DROP DEFAULT;" with params "[]"
WARNING|2012-01-17 18:59:00,428|59990|base|Not Found: /favicon.ico
WARNING|2012-01-17 18:59:00,428|59990|base|Not Found: /favicon.ico
WARNING|2012-01-17 18:59:02,495|59990|base|Not Found: /favicon.ico
WARNING|2012-01-17 18:59:02,495|59990|base|Not Found: /favicon.ico
INFO|2012-01-17 18:59:09,361|59990|views|bad access token 1
WARNING|2012-01-17 18:59:09,681|59990|base|Not Found: /favicon.ico
WARNING|2012-01-17 18:59:09,681|59990|base|Not Found: /favicon.ico
WARNING|2012-01-17 19:09:27,982|59990|base|Not Found: /favicon.ico
WARNING|2012-01-17 19:09:27,982|59990|base|Not Found: /favicon.ico
WARNING|2012-01-17 19:25:59,428|59990|base|Not Found: /favicon.ico
WARNING|2012-01-17 19:25:59,428|59990|base|Not Found: /favicon.ico
WARNING|2012-01-17 19:26:02,072|59990|base|Not Found: /favicon.ico
WARNING|2012-01-17 19:26:02,072|59990|base|Not Found: /favicon.ico
WARNING|2012-01-17 19:26:09,263|59990|base|Not Found: /favicon.ico
WARNING|2012-01-17 19:26:09,263|59990|base|Not Found: /favicon.ico
DEBUG|2012-01-17 19:26:52,641|72359|generic|south execute "ALTER TABLE `flickr_accesstoken` ADD CONSTRAINT `flickr_accesstoken_feed_secret_uniq` UNIQUE (`feed_secret`)" with params "[]"
DEBUG|2012-01-17 19:26:52,641|72359|generic|south execute "SET FOREIGN_KEY_CHECKS=1;" with params "[]"
DEBUG|2012-01-17 19:26:52,641|72359|generic|south execute "ALTER TABLE `flickr_accesstoken` ADD CONSTRAINT `flickr_accesstoken_feed_secret_uniq` UNIQUE (`feed_secret`)" with params "[]"
WARNING|2012-01-17 19:35:51,450|72333|base|Not Found: /favicon.ico
WARNING|2012-01-17 19:35:51,450|72333|base|Not Found: /favicon.ico
WARNING|2012-01-17 19:35:57,720|72333|base|Not Found: /favicon.ico
WARNING|2012-01-17 19:35:57,720|72333|base|Not Found: /favicon.ico
WARNING|2012-01-17 19:36:21,603|72407|base|Not Found: /favicon.ico
WARNING|2012-01-17 19:36:21,603|72407|base|Not Found: /favicon.ico
WARNING|2012-01-17 19:37:06,609|72411|base|Not Found: /favicon.ico
WARNING|2012-01-17 19:37:06,609|72411|base|Not Found: /favicon.ico
WARNING|2012-01-17 19:37:31,192|72412|base|Not Found: /favicon.ico
WARNING|2012-01-17 19:37:31,192|72412|base|Not Found: /favicon.ico
WARNING|2012-01-17 19:38:53,445|72413|base|Not Found: /favicon.ico
WARNING|2012-01-17 19:38:53,445|72413|base|Not Found: /favicon.ico
WARNING|2012-01-17 19:38:54,860|72413|base|Not Found: /favicon.ico
WARNING|2012-01-17 19:38:54,860|72413|base|Not Found: /favicon.ico
WARNING|2012-01-17 19:38:55,945|72413|base|Not Found: /favicon.ico
WARNING|2012-01-17 19:38:55,945|72413|base|Not Found: /favicon.ico
WARNING|2012-01-17 19:39:01,979|72413|base|Not Found: /favicon.ico
WARNING|2012-01-17 19:39:01,979|72413|base|Not Found: /favicon.ico
WARNING|2012-01-17 19:40:33,822|72417|base|Not Found: /favicon.ico
WARNING|2012-01-17 19:40:33,822|72417|base|Not Found: /favicon.ico
WARNING|2012-01-17 19:40:49,887|72417|base|Not Found: /favicon.ico
WARNING|2012-01-17 19:40:49,887|72417|base|Not Found: /favicon.ico
WARNING|2012-01-17 20:02:22,468|72440|base|Not Found: /favicon.ico
WARNING|2012-01-17 20:02:22,468|72440|base|Not Found: /favicon.ico
WARNING|2012-01-17 20:02:40,726|72440|base|Not Found: /favicon.ico
WARNING|2012-01-17 20:02:40,726|72440|base|Not Found: /favicon.ico
WARNING|2012-01-17 20:03:54,232|72470|base|Not Found: /favicon.ico
WARNING|2012-01-17 20:03:54,232|72470|base|Not Found: /favicon.ico
WARNING|2012-01-17 20:03:54,842|72470|base|Not Found: /favicon.ico
WARNING|2012-01-17 20:03:54,842|72470|base|Not Found: /favicon.ico
WARNING|2012-01-17 20:06:03,147|72472|base|Not Found: /favicon.ico
WARNING|2012-01-17 20:06:03,147|72472|base|Not Found: /favicon.ico
WARNING|2012-01-17 20:08:48,729|72481|base|Not Found: /favicon.ico
WARNING|2012-01-17 20:08:48,729|72481|base|Not Found: /favicon.ico
WARNING|2012-01-17 20:09:23,736|72482|base|Not Found: /favicon.ico
WARNING|2012-01-17 20:09:23,736|72482|base|Not Found: /favicon.ico
WARNING|2012-01-17 20:09:49,055|72487|base|Not Found: /favicon.ico
WARNING|2012-01-17 20:09:49,055|72487|base|Not Found: /favicon.ico
WARNING|2012-01-17 20:09:52,805|72487|base|Not Found: /favicon.ico
WARNING|2012-01-17 20:09:52,805|72487|base|Not Found: /favicon.ico
WARNING|2012-01-17 20:10:28,886|72491|base|Not Found: /favicon.ico
WARNING|2012-01-17 20:10:28,886|72491|base|Not Found: /favicon.ico
WARNING|2012-01-17 20:11:28,021|72491|base|Not Found: /favicon.ico
WARNING|2012-01-17 20:11:28,021|72491|base|Not Found: /favicon.ico
WARNING|2012-01-17 20:11:52,876|72493|base|Not Found: /favicon.ico
WARNING|2012-01-17 20:11:52,876|72493|base|Not Found: /favicon.ico
WARNING|2012-01-17 20:13:09,240|72494|base|Not Found: /favicon.ico
WARNING|2012-01-17 20:13:09,240|72494|base|Not Found: /favicon.ico
WARNING|2012-01-17 20:17:55,663|72593|base|Not Found: /favicon.ico
WARNING|2012-01-17 20:17:55,663|72593|base|Not Found: /favicon.ico
WARNING|2012-01-17 20:22:36,285|72600|base|Not Found: /favicon.ico
WARNING|2012-01-17 20:22:36,285|72600|base|Not Found: /favicon.ico
WARNING|2012-01-17 20:26:39,090|72647|views|tokens 5L and '(None)' do not match
WARNING|2012-01-17 20:26:39,098|72647|views|tokens 5L and '(None)' do not match
WARNING|2012-01-17 20:30:58,632|72680|base|Not Found: /favicon.ico
WARNING|2012-01-17 20:30:58,632|72680|base|Not Found: /favicon.ico
WARNING|2012-01-17 21:05:51,621|72780|base|Not Found: /favicon.ico
WARNING|2012-01-17 21:05:51,621|72780|base|Not Found: /favicon.ico
WARNING|2012-01-17 21:22:04,825|72807|base|Not Found: /favicon.ico
WARNING|2012-01-17 21:22:04,825|72807|base|Not Found: /favicon.ico
WARNING|2012-01-17 21:22:22,287|72807|base|Not Found: /favicon.ico
WARNING|2012-01-17 21:22:22,287|72807|base|Not Found: /favicon.ico
WARNING|2012-01-17 21:22:27,512|72807|base|Not Found: /favicon.ico
WARNING|2012-01-17 21:22:27,512|72807|base|Not Found: /favicon.ico
WARNING|2012-01-17 21:23:31,309|72807|base|Not Found: /favicon.ico
WARNING|2012-01-17 21:23:31,309|72807|base|Not Found: /favicon.ico
WARNING|2012-01-17 21:23:37,752|72807|base|Not Found: /favicon.ico
WARNING|2012-01-17 21:23:37,752|72807|base|Not Found: /favicon.ico
WARNING|2012-01-17 21:23:42,385|72807|base|Not Found: /favicon.ico
WARNING|2012-01-17 21:23:42,385|72807|base|Not Found: /favicon.ico
WARNING|2012-01-17 21:23:54,375|72807|base|Not Found: /favicon.ico
WARNING|2012-01-17 21:23:54,375|72807|base|Not Found: /favicon.ico
WARNING|2012-01-17 21:24:18,145|72807|base|Not Found: /favicon.ico
WARNING|2012-01-17 21:24:18,145|72807|base|Not Found: /favicon.ico
WARNING|2012-01-17 21:24:26,667|72807|base|Not Found: /favicon.ico
WARNING|2012-01-17 21:24:26,667|72807|base|Not Found: /favicon.ico
WARNING|2012-01-17 21:25:48,360|72807|base|Not Found: /favicon.ico
WARNING|2012-01-17 21:25:48,360|72807|base|Not Found: /favicon.ico
WARNING|2012-01-17 21:44:56,387|72807|base|Not Found: /favicon.ico
WARNING|2012-01-17 21:44:56,387|72807|base|Not Found: /favicon.ico
WARNING|2012-01-17 21:45:55,221|72807|base|Not Found: /favicon.ico
WARNING|2012-01-17 21:45:55,221|72807|base|Not Found: /favicon.ico
WARNING|2012-01-17 21:46:04,614|72807|base|Not Found: /favicon.ico
WARNING|2012-01-17 21:46:04,614|72807|base|Not Found: /favicon.ico
WARNING|2012-01-17 21:50:18,966|73028|base|Not Found: /favicon.ico
WARNING|2012-01-17 21:50:18,966|73028|base|Not Found: /favicon.ico
WARNING|2012-01-17 21:51:06,221|73044|base|Not Found: /favicon.ico
WARNING|2012-01-17 21:51:06,221|73044|base|Not Found: /favicon.ico
WARNING|2012-01-17 21:52:19,176|73046|base|Not Found: /favicon.ico
WARNING|2012-01-17 21:52:19,176|73046|base|Not Found: /favicon.ico
WARNING|2012-01-17 21:52:38,056|73046|base|Not Found: /favicon.ico
WARNING|2012-01-17 21:52:38,056|73046|base|Not Found: /favicon.ico
WARNING|2012-01-17 21:52:54,165|73052|base|Not Found: /favicon.ico
WARNING|2012-01-17 21:52:54,165|73052|base|Not Found: /favicon.ico
WARNING|2012-01-17 21:52:57,571|73052|base|Not Found: /favicon.ico
WARNING|2012-01-17 21:52:57,571|73052|base|Not Found: /favicon.ico
WARNING|2012-01-17 21:53:06,677|73052|base|Not Found: /favicon.ico
WARNING|2012-01-17 21:53:06,677|73052|base|Not Found: /favicon.ico
WARNING|2012-01-17 21:53:20,687|73056|base|Not Found: /favicon.ico
WARNING|2012-01-17 21:53:20,687|73056|base|Not Found: /favicon.ico
WARNING|2012-01-17 21:54:01,839|73056|base|Not Found: /favicon.ico
WARNING|2012-01-17 21:54:01,839|73056|base|Not Found: /favicon.ico
WARNING|2012-01-17 21:54:51,869|73065|base|Not Found: /favicon.ico
WARNING|2012-01-17 21:54:51,869|73065|base|Not Found: /favicon.ico
WARNING|2012-01-17 21:55:04,932|73065|base|Not Found: /favicon.ico
WARNING|2012-01-17 21:55:04,932|73065|base|Not Found: /favicon.ico
WARNING|2012-01-17 22:05:57,050|73065|base|Not Found: /favicon.ico
WARNING|2012-01-17 22:05:57,050|73065|base|Not Found: /favicon.ico
WARNING|2012-01-17 22:06:15,516|73065|base|Not Found: /favicon.ico
WARNING|2012-01-17 22:06:15,516|73065|base|Not Found: /favicon.ico
WARNING|2012-01-17 22:06:55,291|73201|base|Not Found: /favicon.ico
WARNING|2012-01-17 22:06:55,291|73201|base|Not Found: /favicon.ico
WARNING|2012-01-17 22:07:39,859|73206|base|Not Found: /favicon.ico
WARNING|2012-01-17 22:07:39,859|73206|base|Not Found: /favicon.ico
WARNING|2012-01-17 22:08:25,540|73208|base|Not Found: /favicon.ico
WARNING|2012-01-17 22:08:25,540|73208|base|Not Found: /favicon.ico
WARNING|2012-01-17 22:08:33,783|73208|base|Not Found: /favicon.ico
WARNING|2012-01-17 22:08:33,783|73208|base|Not Found: /favicon.ico
WARNING|2012-01-17 22:08:57,731|73208|base|Not Found: /favicon.ico
WARNING|2012-01-17 22:08:57,731|73208|base|Not Found: /favicon.ico
WARNING|2012-01-17 22:09:11,260|73208|base|Not Found: /favicon.ico
WARNING|2012-01-17 22:09:11,260|73208|base|Not Found: /favicon.ico
WARNING|2012-01-17 22:09:37,051|73208|base|Not Found: /favicon.ico
WARNING|2012-01-17 22:09:37,051|73208|base|Not Found: /favicon.ico
WARNING|2012-01-17 22:09:42,195|73208|base|Not Found: /favicon.ico
WARNING|2012-01-17 22:09:42,195|73208|base|Not Found: /favicon.ico
WARNING|2012-01-17 22:11:19,493|73252|base|Not Found: /favicon.ico
WARNING|2012-01-17 22:11:19,493|73252|base|Not Found: /favicon.ico
WARNING|2012-01-17 22:11:44,231|73252|base|Not Found: /favicon.ico
WARNING|2012-01-17 22:11:44,231|73252|base|Not Found: /favicon.ico
WARNING|2012-01-17 22:11:50,618|73252|base|Not Found: /favicon.ico
WARNING|2012-01-17 22:11:50,618|73252|base|Not Found: /favicon.ico
WARNING|2012-01-17 22:12:07,453|73256|base|Not Found: /favicon.ico
WARNING|2012-01-17 22:12:07,453|73256|base|Not Found: /favicon.ico
WARNING|2012-01-17 22:12:24,850|73256|base|Not Found: /favicon.ico
WARNING|2012-01-17 22:12:24,850|73256|base|Not Found: /favicon.ico
WARNING|2012-01-17 22:12:43,519|73256|base|Not Found: /favicon.ico
WARNING|2012-01-17 22:12:43,519|73256|base|Not Found: /favicon.ico
WARNING|2012-01-17 22:13:54,511|73256|base|Not Found: /favicon.ico
WARNING|2012-01-17 22:13:54,511|73256|base|Not Found: /favicon.ico
WARNING|2012-01-17 22:14:06,842|73271|base|Not Found: /favicon.ico
WARNING|2012-01-17 22:14:06,842|73271|base|Not Found: /favicon.ico
WARNING|2012-01-17 22:14:28,973|73274|base|Not Found: /favicon.ico
WARNING|2012-01-17 22:14:28,973|73274|base|Not Found: /favicon.ico
WARNING|2012-01-17 22:14:42,944|73274|base|Not Found: /favicon.ico
WARNING|2012-01-17 22:14:42,944|73274|base|Not Found: /favicon.ico
WARNING|2012-01-17 22:15:05,146|73277|base|Not Found: /favicon.ico
WARNING|2012-01-17 22:15:05,146|73277|base|Not Found: /favicon.ico
WARNING|2012-01-17 22:17:59,170|73285|base|Not Found: /favicon.ico
WARNING|2012-01-17 22:17:59,170|73285|base|Not Found: /favicon.ico
WARNING|2012-01-17 22:19:09,264|73291|base|Not Found: /favicon.ico
WARNING|2012-01-17 22:19:09,264|73291|base|Not Found: /favicon.ico
WARNING|2012-01-17 22:19:18,919|73291|base|Not Found: /favicon.ico
WARNING|2012-01-17 22:19:18,919|73291|base|Not Found: /favicon.ico
WARNING|2012-01-17 22:19:21,559|73291|base|Not Found: /favicon.ico
WARNING|2012-01-17 22:19:21,559|73291|base|Not Found: /favicon.ico
WARNING|2012-01-17 22:20:12,394|73295|base|Not Found: /favicon.ico
WARNING|2012-01-17 22:20:12,394|73295|base|Not Found: /favicon.ico
